<?xml version="1.0" encoding="UTF-8"?>
<testsuite name="TestSuite" time="57.989" tests="10" errors="0" skipped="0" failures="3">
  <properties>
[...]
</properties>
  <testcase name="testCase1" classname="project.test.TestCase1" time="1.794"/>
  <testcase name="testCase10" classname="project.test.TestCase10" time="9.151"/>
  <testcase name="testCase2" classname="project.test.TestCase2" time="2.855"/>
  <testcase name="testCase3" classname="project.test.TestCase3" time="7.824"/>
  <testcase name="testCase4" classname="project.test.TestCase4" time="6.519">
    <failure message="element not interactable&#10;  (Session info: chrome=79.0.3945.88)&#10;Build info: version: &apos;3.141.59&apos;, revision: &apos;e82be7d358&apos;, time: &apos;2018-11-14T08:17:03&apos;&#10;System info: host: &apos;DESKTOP-L1UBKM7&apos;, ip: &apos;192.168.56.1&apos;, os.name: &apos;Windows 10&apos;, os.arch: &apos;amd64&apos;, os.version: &apos;10.0&apos;, java.version: &apos;9.0.4&apos;&#10;Driver info: org.openqa.selenium.chrome.ChromeDriver&#10;Capabilities {acceptInsecureCerts: false, browserName: chrome, browserVersion: 79.0.3945.88, chrome: {chromedriverVersion: 79.0.3945.36 (3582db32b3389..., userDataDir: C:\Users\pilni\AppData\Loca...}, goog:chromeOptions: {debuggerAddress: localhost:58393}, javascriptEnabled: true, networkConnectionEnabled: false, pageLoadStrategy: normal, platform: WINDOWS, platformName: WINDOWS, proxy: Proxy(), setWindowRect: true, strictFileInteractability: false, timeouts: {implicit: 0, pageLoad: 300000, script: 30000}, unhandledPromptBehavior: dismiss and notify}&#10;Session ID: ea63efc8aef3e5cc9198e95a2e7f7e4d" type="org.openqa.selenium.ElementNotInteractableException">org.openqa.selenium.ElementNotInteractableException: element not interactable
  (Session info: chrome=79.0.3945.88)
Build info: version: '3.141.59', revision: 'e82be7d358', time: '2018-11-14T08:17:03'
System info: host: 'DESKTOP-L1UBKM7', ip: '192.168.56.1', os.name: 'Windows 10', os.arch: 'amd64', os.version: '10.0', java.version: '9.0.4'
Driver info: org.openqa.selenium.chrome.ChromeDriver
Capabilities {acceptInsecureCerts: false, browserName: chrome, browserVersion: 79.0.3945.88, chrome: {chromedriverVersion: 79.0.3945.36 (3582db32b3389..., userDataDir: C:\Users\pilni\AppData\Loca...}, goog:chromeOptions: {debuggerAddress: localhost:58393}, javascriptEnabled: true, networkConnectionEnabled: false, pageLoadStrategy: normal, platform: WINDOWS, platformName: WINDOWS, proxy: Proxy(), setWindowRect: true, strictFileInteractability: false, timeouts: {implicit: 0, pageLoad: 300000, script: 30000}, unhandledPromptBehavior: dismiss and notify}
Session ID: ea63efc8aef3e5cc9198e95a2e7f7e4d
	at java.base/jdk.internal.reflect.NativeConstructorAccessorImpl.newInstance0(Native Method)
	at java.base/jdk.internal.reflect.NativeConstructorAccessorImpl.newInstance(NativeConstructorAccessorImpl.java:62)
	at java.base/jdk.internal.reflect.DelegatingConstructorAccessorImpl.newInstance(DelegatingConstructorAccessorImpl.java:45)
	at java.base/java.lang.reflect.Constructor.newInstance(Constructor.java:488)
	at org.openqa.selenium.remote.http.W3CHttpResponseCodec.createException(W3CHttpResponseCodec.java:187)
	at org.openqa.selenium.remote.http.W3CHttpResponseCodec.decode(W3CHttpResponseCodec.java:122)
	at org.openqa.selenium.remote.http.W3CHttpResponseCodec.decode(W3CHttpResponseCodec.java:49)
	at org.openqa.selenium.remote.HttpCommandExecutor.execute(HttpCommandExecutor.java:158)
	at org.openqa.selenium.remote.service.DriverCommandExecutor.execute(DriverCommandExecutor.java:83)
	at org.openqa.selenium.remote.RemoteWebDriver.execute(RemoteWebDriver.java:552)
	at org.openqa.selenium.remote.RemoteWebElement.execute(RemoteWebElement.java:285)
	at org.openqa.selenium.remote.RemoteWebElement.click(RemoteWebElement.java:84)
	at framework.base.BaseElement.click(BaseElement.java:25)
	at project.test.TestCase4.testCase4(TestCase4.java:21)
</failure>
    <system-out>2019-12-29 22:36:57 INFO  LogUtils:9 - Go tohttps://cottages.com
2019-12-29 22:36:57 INFO  LogUtils:9 - Go to https://cottages.com .
2019-12-29 22:36:58 INFO  LogUtils:9 - Check Pannel search is displayed.
2019-12-29 22:36:58 INFO  LogUtils:9 - Click search .
2019-12-29 22:36:59 INFO  LogUtils:9 - Check resultPanel is displayed.
2019-12-29 22:37:00 INFO  LogUtils:9 - Click Hotel name .
</system-out>
  </testcase>
  <testcase name="testCase5" classname="project.test.TestCase5" time="6.237">
    <failure message="element not interactable&#10;  (Session info: chrome=79.0.3945.88)&#10;Build info: version: &apos;3.141.59&apos;, revision: &apos;e82be7d358&apos;, time: &apos;2018-11-14T08:17:03&apos;&#10;System info: host: &apos;DESKTOP-L1UBKM7&apos;, ip: &apos;192.168.56.1&apos;, os.name: &apos;Windows 10&apos;, os.arch: &apos;amd64&apos;, os.version: &apos;10.0&apos;, java.version: &apos;9.0.4&apos;&#10;Driver info: org.openqa.selenium.chrome.ChromeDriver&#10;Capabilities {acceptInsecureCerts: false, browserName: chrome, browserVersion: 79.0.3945.88, chrome: {chromedriverVersion: 79.0.3945.36 (3582db32b3389..., userDataDir: C:\Users\pilni\AppData\Loca...}, goog:chromeOptions: {debuggerAddress: localhost:58393}, javascriptEnabled: true, networkConnectionEnabled: false, pageLoadStrategy: normal, platform: WINDOWS, platformName: WINDOWS, proxy: Proxy(), setWindowRect: true, strictFileInteractability: false, timeouts: {implicit: 0, pageLoad: 300000, script: 30000}, unhandledPromptBehavior: dismiss and notify}&#10;Session ID: ea63efc8aef3e5cc9198e95a2e7f7e4d" type="org.openqa.selenium.ElementNotInteractableException">org.openqa.selenium.ElementNotInteractableException: element not interactable
  (Session info: chrome=79.0.3945.88)
Build info: version: '3.141.59', revision: 'e82be7d358', time: '2018-11-14T08:17:03'
System info: host: 'DESKTOP-L1UBKM7', ip: '192.168.56.1', os.name: 'Windows 10', os.arch: 'amd64', os.version: '10.0', java.version: '9.0.4'
Driver info: org.openqa.selenium.chrome.ChromeDriver
Capabilities {acceptInsecureCerts: false, browserName: chrome, browserVersion: 79.0.3945.88, chrome: {chromedriverVersion: 79.0.3945.36 (3582db32b3389..., userDataDir: C:\Users\pilni\AppData\Loca...}, goog:chromeOptions: {debuggerAddress: localhost:58393}, javascriptEnabled: true, networkConnectionEnabled: false, pageLoadStrategy: normal, platform: WINDOWS, platformName: WINDOWS, proxy: Proxy(), setWindowRect: true, strictFileInteractability: false, timeouts: {implicit: 0, pageLoad: 300000, script: 30000}, unhandledPromptBehavior: dismiss and notify}
Session ID: ea63efc8aef3e5cc9198e95a2e7f7e4d
	at java.base/jdk.internal.reflect.NativeConstructorAccessorImpl.newInstance0(Native Method)
	at java.base/jdk.internal.reflect.NativeConstructorAccessorImpl.newInstance(NativeConstructorAccessorImpl.java:62)
	at java.base/jdk.internal.reflect.DelegatingConstructorAccessorImpl.newInstance(DelegatingConstructorAccessorImpl.java:45)
	at java.base/java.lang.reflect.Constructor.newInstance(Constructor.java:488)
	at org.openqa.selenium.remote.http.W3CHttpResponseCodec.createException(W3CHttpResponseCodec.java:187)
	at org.openqa.selenium.remote.http.W3CHttpResponseCodec.decode(W3CHttpResponseCodec.java:122)
	at org.openqa.selenium.remote.http.W3CHttpResponseCodec.decode(W3CHttpResponseCodec.java:49)
	at org.openqa.selenium.remote.HttpCommandExecutor.execute(HttpCommandExecutor.java:158)
	at org.openqa.selenium.remote.service.DriverCommandExecutor.execute(DriverCommandExecutor.java:83)
	at org.openqa.selenium.remote.RemoteWebDriver.execute(RemoteWebDriver.java:552)
	at org.openqa.selenium.remote.RemoteWebElement.execute(RemoteWebElement.java:285)
	at org.openqa.selenium.remote.RemoteWebElement.click(RemoteWebElement.java:84)
	at framework.base.BaseElement.click(BaseElement.java:25)
	at project.test.TestCase5.testCase5(TestCase5.java:20)
</failure>
    <system-out>2019-12-29 22:37:05 INFO  LogUtils:9 - Go tohttps://cottages.com
2019-12-29 22:37:05 INFO  LogUtils:9 - Go to https://cottages.com .
2019-12-29 22:37:06 INFO  LogUtils:9 - Check Pannel search is displayed.
2019-12-29 22:37:06 INFO  LogUtils:9 - Click search .
2019-12-29 22:37:06 INFO  LogUtils:9 - Check resultPanel is displayed.
2019-12-29 22:37:07 INFO  LogUtils:9 - Click Hotel name .
</system-out>
  </testcase>
  <testcase name="testCase6" classname="project.test.TestCase6" time="6.251">
    <failure message="element not interactable&#10;  (Session info: chrome=79.0.3945.88)&#10;Build info: version: &apos;3.141.59&apos;, revision: &apos;e82be7d358&apos;, time: &apos;2018-11-14T08:17:03&apos;&#10;System info: host: &apos;DESKTOP-L1UBKM7&apos;, ip: &apos;192.168.56.1&apos;, os.name: &apos;Windows 10&apos;, os.arch: &apos;amd64&apos;, os.version: &apos;10.0&apos;, java.version: &apos;9.0.4&apos;&#10;Driver info: org.openqa.selenium.chrome.ChromeDriver&#10;Capabilities {acceptInsecureCerts: false, browserName: chrome, browserVersion: 79.0.3945.88, chrome: {chromedriverVersion: 79.0.3945.36 (3582db32b3389..., userDataDir: C:\Users\pilni\AppData\Loca...}, goog:chromeOptions: {debuggerAddress: localhost:58393}, javascriptEnabled: true, networkConnectionEnabled: false, pageLoadStrategy: normal, platform: WINDOWS, platformName: WINDOWS, proxy: Proxy(), setWindowRect: true, strictFileInteractability: false, timeouts: {implicit: 0, pageLoad: 300000, script: 30000}, unhandledPromptBehavior: dismiss and notify}&#10;Session ID: ea63efc8aef3e5cc9198e95a2e7f7e4d" type="org.openqa.selenium.ElementNotInteractableException">org.openqa.selenium.ElementNotInteractableException: element not interactable
  (Session info: chrome=79.0.3945.88)
Build info: version: '3.141.59', revision: 'e82be7d358', time: '2018-11-14T08:17:03'
System info: host: 'DESKTOP-L1UBKM7', ip: '192.168.56.1', os.name: 'Windows 10', os.arch: 'amd64', os.version: '10.0', java.version: '9.0.4'
Driver info: org.openqa.selenium.chrome.ChromeDriver
Capabilities {acceptInsecureCerts: false, browserName: chrome, browserVersion: 79.0.3945.88, chrome: {chromedriverVersion: 79.0.3945.36 (3582db32b3389..., userDataDir: C:\Users\pilni\AppData\Loca...}, goog:chromeOptions: {debuggerAddress: localhost:58393}, javascriptEnabled: true, networkConnectionEnabled: false, pageLoadStrategy: normal, platform: WINDOWS, platformName: WINDOWS, proxy: Proxy(), setWindowRect: true, strictFileInteractability: false, timeouts: {implicit: 0, pageLoad: 300000, script: 30000}, unhandledPromptBehavior: dismiss and notify}
Session ID: ea63efc8aef3e5cc9198e95a2e7f7e4d
	at java.base/jdk.internal.reflect.NativeConstructorAccessorImpl.newInstance0(Native Method)
	at java.base/jdk.internal.reflect.NativeConstructorAccessorImpl.newInstance(NativeConstructorAccessorImpl.java:62)
	at java.base/jdk.internal.reflect.DelegatingConstructorAccessorImpl.newInstance(DelegatingConstructorAccessorImpl.java:45)
	at java.base/java.lang.reflect.Constructor.newInstance(Constructor.java:488)
	at org.openqa.selenium.remote.http.W3CHttpResponseCodec.createException(W3CHttpResponseCodec.java:187)
	at org.openqa.selenium.remote.http.W3CHttpResponseCodec.decode(W3CHttpResponseCodec.java:122)
	at org.openqa.selenium.remote.http.W3CHttpResponseCodec.decode(W3CHttpResponseCodec.java:49)
	at org.openqa.selenium.remote.HttpCommandExecutor.execute(HttpCommandExecutor.java:158)
	at org.openqa.selenium.remote.service.DriverCommandExecutor.execute(DriverCommandExecutor.java:83)
	at org.openqa.selenium.remote.RemoteWebDriver.execute(RemoteWebDriver.java:552)
	at org.openqa.selenium.remote.RemoteWebElement.execute(RemoteWebElement.java:285)
	at org.openqa.selenium.remote.RemoteWebElement.click(RemoteWebElement.java:84)
	at framework.base.BaseElement.click(BaseElement.java:25)
	at project.test.TestCase6.testCase6(TestCase6.java:20)
</failure>
    <system-out>2019-12-29 22:37:12 INFO  LogUtils:9 - Go tohttps://cottages.com
2019-12-29 22:37:12 INFO  LogUtils:9 - Go to https://cottages.com .
2019-12-29 22:37:13 INFO  LogUtils:9 - Check Pannel search is displayed.
2019-12-29 22:37:13 INFO  LogUtils:9 - Click search .
2019-12-29 22:37:13 INFO  LogUtils:9 - Check resultPanel is displayed.
2019-12-29 22:37:14 INFO  LogUtils:9 - Click Hotel name .
</system-out>
  </testcase>
  <testcase name="testCase7" classname="project.test.TestCase7" time="2.157"/>
  <testcase name="testCase8" classname="project.test.TestCase8" time="4.112"/>
  <testcase name="testCase9" classname="project.test.TestCase9" time="11.089"/>
</testsuite>